{"level":"\u001b[32minfo\u001b[39m","message":"{\"method\":\"POST\",\"url\":\"/api/auth/signup\",\"status\":\"201\",\"responseTime\":\"592.583\"}","timestamp":"2025-10-04T18:00:23.003Z"}
{"level":"\u001b[32minfo\u001b[39m","message":"{\"method\":\"POST\",\"url\":\"/api/auth/signup\",\"status\":\"409\",\"responseTime\":\"88.525\"}","timestamp":"2025-10-04T18:05:35.217Z"}
{"level":"\u001b[32minfo\u001b[39m","message":"{\"method\":\"POST\",\"url\":\"/api/auth/signup\",\"status\":\"400\",\"responseTime\":\"9.104\"}","timestamp":"2025-10-05T11:24:44.813Z"}
{"level":"\u001b[32minfo\u001b[39m","message":"{\"method\":\"POST\",\"url\":\"/api/auth/signup\",\"status\":\"201\",\"responseTime\":\"2928.854\"}","timestamp":"2025-10-05T11:24:55.832Z"}
{"level":"\u001b[32minfo\u001b[39m","message":"{\"method\":\"POST\",\"url\":\"/api/auth/signup\",\"status\":\"201\",\"responseTime\":\"3605.475\"}","timestamp":"2025-10-05T11:27:58.303Z"}
{"level":"\u001b[32minfo\u001b[39m","message":"{\"method\":\"POST\",\"url\":\"/api/auth/signup\",\"status\":\"201\",\"responseTime\":\"2978.758\"}","timestamp":"2025-10-05T11:31:09.377Z"}
{"level":"\u001b[32minfo\u001b[39m","message":"{\"method\":\"POST\",\"url\":\"/api/auth/signup\",\"status\":\"201\",\"responseTime\":\"608.633\"}","timestamp":"2025-10-05T11:39:45.159Z"}
{"level":"\u001b[32minfo\u001b[39m","message":"{\"method\":\"POST\",\"url\":\"/api/auth/signup\",\"status\":\"201\",\"responseTime\":\"516.882\"}","timestamp":"2025-10-05T11:57:08.593Z"}
{"level":"\u001b[32minfo\u001b[39m","message":"{\"method\":\"POST\",\"url\":\"/api/auth/signup\",\"status\":\"201\",\"responseTime\":\"855.087\"}","timestamp":"2025-10-05T12:03:56.907Z"}
{"level":"\u001b[32minfo\u001b[39m","message":"{\"method\":\"POST\",\"url\":\"/api/auth/signup\",\"status\":\"201\",\"responseTime\":\"608.381\"}","timestamp":"2025-10-05T15:59:12.827Z"}
{"level":"\u001b[32minfo\u001b[39m","message":"{\"method\":\"POST\",\"url\":\"/api/auth/login\",\"status\":\"401\",\"responseTime\":\"209.913\"}","timestamp":"2025-10-05T15:59:56.685Z"}
{"level":"\u001b[32minfo\u001b[39m","message":"{\"method\":\"POST\",\"url\":\"/api/auth/login\",\"status\":\"404\",\"responseTime\":\"174.504\"}","timestamp":"2025-10-05T16:00:05.706Z"}
{"level":"\u001b[32minfo\u001b[39m","message":"{\"method\":\"POST\",\"url\":\"/api/auth/login\",\"status\":\"200\",\"responseTime\":\"490.579\"}","timestamp":"2025-10-05T16:00:24.429Z"}
{"level":"\u001b[32minfo\u001b[39m","message":"{\"method\":\"POST\",\"url\":\"/api/auth/logout\",\"status\":\"200\",\"responseTime\":\"200.635\"}","timestamp":"2025-10-05T16:27:17.332Z"}
{"level":"\u001b[32minfo\u001b[39m","message":"{\"method\":\"POST\",\"url\":\"/api/auth/update-profile\",\"status\":\"404\",\"responseTime\":\"5.241\"}","timestamp":"2025-10-05T17:49:58.841Z"}
{"level":"\u001b[32minfo\u001b[39m","message":"{\"method\":\"PATCH\",\"url\":\"/api/auth/update-profile\",\"status\":\"401\",\"responseTime\":\"9.522\"}","timestamp":"2025-10-05T17:50:06.842Z"}
{"level":"\u001b[32minfo\u001b[39m","message":"{\"method\":\"POST\",\"url\":\"/api/auth/login\",\"status\":\"200\",\"responseTime\":\"454.132\"}","timestamp":"2025-10-05T17:50:15.597Z"}
{"level":"\u001b[32minfo\u001b[39m","message":"{\"method\":\"PATCH\",\"url\":\"/api/auth/update-profile\",\"status\":\"400\",\"responseTime\":\"89.113\"}","timestamp":"2025-10-05T17:50:18.920Z"}
{"level":"\u001b[32minfo\u001b[39m","message":"{\"method\":\"PATCH\",\"url\":\"/api/auth/update-profile\",\"status\":\"500\",\"responseTime\":\"11.207\"}","timestamp":"2025-10-05T17:52:00.830Z"}
{"level":"\u001b[32minfo\u001b[39m","message":"{\"method\":\"PUT\",\"url\":\"/api/auth/update-profile\",\"status\":\"500\",\"responseTime\":\"16.716\"}","timestamp":"2025-10-05T17:52:24.401Z"}
{"level":"\u001b[32minfo\u001b[39m","message":"{\"method\":\"PUT\",\"url\":\"/api/auth/update-profile\",\"status\":\"500\",\"responseTime\":\"3516.802\"}","timestamp":"2025-10-05T17:52:49.088Z"}
{"level":"\u001b[32minfo\u001b[39m","message":"{\"method\":\"PUT\",\"url\":\"/api/auth/update-profile\",\"status\":\"200\",\"responseTime\":\"1640.620\"}","timestamp":"2025-10-05T17:55:08.383Z"}
{"level":"\u001b[32minfo\u001b[39m","message":"{\"method\":\"GET\",\"url\":\"/api/auth/check\",\"status\":\"200\",\"responseTime\":\"224.974\"}","timestamp":"2025-10-05T18:02:09.739Z"}
{"level":"\u001b[32minfo\u001b[39m","message":"{\"method\":\"POST\",\"url\":\"/api/auth/logout\",\"status\":\"200\",\"responseTime\":\"482.622\"}","timestamp":"2025-10-05T18:02:17.506Z"}
{"level":"\u001b[32minfo\u001b[39m","message":"{\"method\":\"GET\",\"url\":\"/api/auth/check\",\"status\":\"401\",\"responseTime\":\"5.293\"}","timestamp":"2025-10-05T18:02:19.945Z"}
